C:\USERS\ALEX\DESKTOP\QUAKE2MOD\QUAKE2-3.21\GAME\RELEASE\G_AI.OBJ
C:\USERS\ALEX\DESKTOP\QUAKE2MOD\QUAKE2-3.21\GAME\RELEASE\G_CHASE.OBJ
C:\USERS\ALEX\DESKTOP\QUAKE2MOD\QUAKE2-3.21\GAME\RELEASE\G_CMDS.OBJ
C:\USERS\ALEX\DESKTOP\QUAKE2MOD\QUAKE2-3.21\GAME\RELEASE\G_COMBAT.OBJ
C:\USERS\ALEX\DESKTOP\QUAKE2MOD\QUAKE2-3.21\GAME\RELEASE\G_FUNC.OBJ
C:\USERS\ALEX\DESKTOP\QUAKE2MOD\QUAKE2-3.21\GAME\RELEASE\G_ITEMS.OBJ
C:\USERS\ALEX\DESKTOP\QUAKE2MOD\QUAKE2-3.21\GAME\RELEASE\G_MAIN.OBJ
C:\USERS\ALEX\DESKTOP\QUAKE2MOD\QUAKE2-3.21\GAME\RELEASE\G_MISC.OBJ
C:\USERS\ALEX\DESKTOP\QUAKE2MOD\QUAKE2-3.21\GAME\RELEASE\G_MONSTER.OBJ
C:\USERS\ALEX\DESKTOP\QUAKE2MOD\QUAKE2-3.21\GAME\RELEASE\G_PHYS.OBJ
C:\USERS\ALEX\DESKTOP\QUAKE2MOD\QUAKE2-3.21\GAME\RELEASE\G_SAVE.OBJ
C:\USERS\ALEX\DESKTOP\QUAKE2MOD\QUAKE2-3.21\GAME\RELEASE\G_SPAWN.OBJ
C:\USERS\ALEX\DESKTOP\QUAKE2MOD\QUAKE2-3.21\GAME\RELEASE\G_SVCMDS.OBJ
C:\USERS\ALEX\DESKTOP\QUAKE2MOD\QUAKE2-3.21\GAME\RELEASE\G_TARGET.OBJ
C:\USERS\ALEX\DESKTOP\QUAKE2MOD\QUAKE2-3.21\GAME\RELEASE\G_TRIGGER.OBJ
C:\USERS\ALEX\DESKTOP\QUAKE2MOD\QUAKE2-3.21\GAME\RELEASE\G_TURRET.OBJ
C:\USERS\ALEX\DESKTOP\QUAKE2MOD\QUAKE2-3.21\GAME\RELEASE\G_UTILS.OBJ
C:\USERS\ALEX\DESKTOP\QUAKE2MOD\QUAKE2-3.21\GAME\RELEASE\G_WEAPON.OBJ
C:\USERS\ALEX\DESKTOP\QUAKE2MOD\QUAKE2-3.21\GAME\RELEASE\GAME.DLL.INTERMEDIATE.MANIFEST
C:\USERS\ALEX\DESKTOP\QUAKE2MOD\QUAKE2-3.21\GAME\RELEASE\M_ACTOR.OBJ
C:\USERS\ALEX\DESKTOP\QUAKE2MOD\QUAKE2-3.21\GAME\RELEASE\M_BERSERK.OBJ
C:\USERS\ALEX\DESKTOP\QUAKE2MOD\QUAKE2-3.21\GAME\RELEASE\M_BOSS2.OBJ
C:\USERS\ALEX\DESKTOP\QUAKE2MOD\QUAKE2-3.21\GAME\RELEASE\M_BOSS3.OBJ
C:\USERS\ALEX\DESKTOP\QUAKE2MOD\QUAKE2-3.21\GAME\RELEASE\M_BOSS31.OBJ
C:\USERS\ALEX\DESKTOP\QUAKE2MOD\QUAKE2-3.21\GAME\RELEASE\M_BOSS32.OBJ
C:\USERS\ALEX\DESKTOP\QUAKE2MOD\QUAKE2-3.21\GAME\RELEASE\M_BRAIN.OBJ
C:\USERS\ALEX\DESKTOP\QUAKE2MOD\QUAKE2-3.21\GAME\RELEASE\M_CHICK.OBJ
C:\USERS\ALEX\DESKTOP\QUAKE2MOD\QUAKE2-3.21\GAME\RELEASE\M_FLASH.OBJ
C:\USERS\ALEX\DESKTOP\QUAKE2MOD\QUAKE2-3.21\GAME\RELEASE\M_FLIPPER.OBJ
C:\USERS\ALEX\DESKTOP\QUAKE2MOD\QUAKE2-3.21\GAME\RELEASE\M_FLOAT.OBJ
C:\USERS\ALEX\DESKTOP\QUAKE2MOD\QUAKE2-3.21\GAME\RELEASE\M_FLYER.OBJ
C:\USERS\ALEX\DESKTOP\QUAKE2MOD\QUAKE2-3.21\GAME\RELEASE\M_GLADIATOR.OBJ
C:\USERS\ALEX\DESKTOP\QUAKE2MOD\QUAKE2-3.21\GAME\RELEASE\M_GUNNER.OBJ
C:\USERS\ALEX\DESKTOP\QUAKE2MOD\QUAKE2-3.21\GAME\RELEASE\M_HOVER.OBJ
C:\USERS\ALEX\DESKTOP\QUAKE2MOD\QUAKE2-3.21\GAME\RELEASE\M_INFANTRY.OBJ
C:\USERS\ALEX\DESKTOP\QUAKE2MOD\QUAKE2-3.21\GAME\RELEASE\M_INSANE.OBJ
C:\USERS\ALEX\DESKTOP\QUAKE2MOD\QUAKE2-3.21\GAME\RELEASE\M_MEDIC.OBJ
C:\USERS\ALEX\DESKTOP\QUAKE2MOD\QUAKE2-3.21\GAME\RELEASE\M_MOVE.OBJ
C:\USERS\ALEX\DESKTOP\QUAKE2MOD\QUAKE2-3.21\GAME\RELEASE\M_MUTANT.OBJ
C:\USERS\ALEX\DESKTOP\QUAKE2MOD\QUAKE2-3.21\GAME\RELEASE\M_PARASITE.OBJ
C:\USERS\ALEX\DESKTOP\QUAKE2MOD\QUAKE2-3.21\GAME\RELEASE\M_SOLDIER.OBJ
C:\USERS\ALEX\DESKTOP\QUAKE2MOD\QUAKE2-3.21\GAME\RELEASE\M_SUPERTANK.OBJ
C:\USERS\ALEX\DESKTOP\QUAKE2MOD\QUAKE2-3.21\GAME\RELEASE\M_TANK.OBJ
C:\USERS\ALEX\DESKTOP\QUAKE2MOD\QUAKE2-3.21\GAME\RELEASE\P_CLIENT.OBJ
C:\USERS\ALEX\DESKTOP\QUAKE2MOD\QUAKE2-3.21\GAME\RELEASE\P_HUD.OBJ
C:\USERS\ALEX\DESKTOP\QUAKE2MOD\QUAKE2-3.21\GAME\RELEASE\P_TRAIL.OBJ
C:\USERS\ALEX\DESKTOP\QUAKE2MOD\QUAKE2-3.21\GAME\RELEASE\P_VIEW.OBJ
C:\USERS\ALEX\DESKTOP\QUAKE2MOD\QUAKE2-3.21\GAME\RELEASE\P_WEAPON.OBJ
C:\USERS\ALEX\DESKTOP\QUAKE2MOD\QUAKE2-3.21\GAME\RELEASE\Q_SHARED.OBJ
C:\USERS\ALEX\DESKTOP\QUAKE2MOD\QUAKE2-3.21\RELEASE\GAMEX86.DLL
C:\Users\Alex\Desktop\quake2Mod\quake2-3.21\release\gamex86.exp
C:\Users\Alex\Desktop\quake2Mod\quake2-3.21\release\gamex86.lib
C:\Users\Alex\Desktop\quake2Refresh\quake2-3.21\game\release\cl.command.1.tlog
C:\Users\Alex\Desktop\quake2Refresh\quake2-3.21\game\release\CL.read.1.tlog
C:\Users\Alex\Desktop\quake2Refresh\quake2-3.21\game\release\CL.write.1.tlog
C:\USERS\ALEX\DESKTOP\QUAKE2REFRESH\QUAKE2-3.21\GAME\RELEASE\G_AI.OBJ
C:\USERS\ALEX\DESKTOP\QUAKE2REFRESH\QUAKE2-3.21\GAME\RELEASE\G_CHASE.OBJ
C:\USERS\ALEX\DESKTOP\QUAKE2REFRESH\QUAKE2-3.21\GAME\RELEASE\G_CMDS.OBJ
C:\USERS\ALEX\DESKTOP\QUAKE2REFRESH\QUAKE2-3.21\GAME\RELEASE\G_COMBAT.OBJ
C:\USERS\ALEX\DESKTOP\QUAKE2REFRESH\QUAKE2-3.21\GAME\RELEASE\G_FUNC.OBJ
C:\USERS\ALEX\DESKTOP\QUAKE2REFRESH\QUAKE2-3.21\GAME\RELEASE\G_ITEMS.OBJ
C:\USERS\ALEX\DESKTOP\QUAKE2REFRESH\QUAKE2-3.21\GAME\RELEASE\G_MAIN.OBJ
C:\USERS\ALEX\DESKTOP\QUAKE2REFRESH\QUAKE2-3.21\GAME\RELEASE\G_MISC.OBJ
C:\USERS\ALEX\DESKTOP\QUAKE2REFRESH\QUAKE2-3.21\GAME\RELEASE\G_MONSTER.OBJ
C:\USERS\ALEX\DESKTOP\QUAKE2REFRESH\QUAKE2-3.21\GAME\RELEASE\G_PHYS.OBJ
C:\USERS\ALEX\DESKTOP\QUAKE2REFRESH\QUAKE2-3.21\GAME\RELEASE\G_SAVE.OBJ
C:\USERS\ALEX\DESKTOP\QUAKE2REFRESH\QUAKE2-3.21\GAME\RELEASE\G_SPAWN.OBJ
C:\USERS\ALEX\DESKTOP\QUAKE2REFRESH\QUAKE2-3.21\GAME\RELEASE\G_SVCMDS.OBJ
C:\USERS\ALEX\DESKTOP\QUAKE2REFRESH\QUAKE2-3.21\GAME\RELEASE\G_TARGET.OBJ
C:\USERS\ALEX\DESKTOP\QUAKE2REFRESH\QUAKE2-3.21\GAME\RELEASE\G_TRIGGER.OBJ
C:\USERS\ALEX\DESKTOP\QUAKE2REFRESH\QUAKE2-3.21\GAME\RELEASE\G_TURRET.OBJ
C:\USERS\ALEX\DESKTOP\QUAKE2REFRESH\QUAKE2-3.21\GAME\RELEASE\G_UTILS.OBJ
C:\USERS\ALEX\DESKTOP\QUAKE2REFRESH\QUAKE2-3.21\GAME\RELEASE\G_WEAPON.OBJ
C:\USERS\ALEX\DESKTOP\QUAKE2REFRESH\QUAKE2-3.21\GAME\RELEASE\GAME.DLL.INTERMEDIATE.MANIFEST
C:\Users\Alex\Desktop\quake2Refresh\quake2-3.21\game\release\game.vcxprojResolveAssemblyReference.cache
C:\Users\Alex\Desktop\quake2Refresh\quake2-3.21\game\release\game.write.1.tlog
C:\Users\Alex\Desktop\quake2Refresh\quake2-3.21\game\release\link.command.1.tlog
C:\Users\Alex\Desktop\quake2Refresh\quake2-3.21\game\release\link.read.1.tlog
C:\Users\Alex\Desktop\quake2Refresh\quake2-3.21\game\release\link.write.1.tlog
C:\USERS\ALEX\DESKTOP\QUAKE2REFRESH\QUAKE2-3.21\GAME\RELEASE\M_ACTOR.OBJ
C:\USERS\ALEX\DESKTOP\QUAKE2REFRESH\QUAKE2-3.21\GAME\RELEASE\M_BERSERK.OBJ
C:\USERS\ALEX\DESKTOP\QUAKE2REFRESH\QUAKE2-3.21\GAME\RELEASE\M_BOSS2.OBJ
C:\USERS\ALEX\DESKTOP\QUAKE2REFRESH\QUAKE2-3.21\GAME\RELEASE\M_BOSS3.OBJ
C:\USERS\ALEX\DESKTOP\QUAKE2REFRESH\QUAKE2-3.21\GAME\RELEASE\M_BOSS31.OBJ
C:\USERS\ALEX\DESKTOP\QUAKE2REFRESH\QUAKE2-3.21\GAME\RELEASE\M_BOSS32.OBJ
C:\USERS\ALEX\DESKTOP\QUAKE2REFRESH\QUAKE2-3.21\GAME\RELEASE\M_BRAIN.OBJ
C:\USERS\ALEX\DESKTOP\QUAKE2REFRESH\QUAKE2-3.21\GAME\RELEASE\M_CHICK.OBJ
C:\USERS\ALEX\DESKTOP\QUAKE2REFRESH\QUAKE2-3.21\GAME\RELEASE\M_FLASH.OBJ
C:\USERS\ALEX\DESKTOP\QUAKE2REFRESH\QUAKE2-3.21\GAME\RELEASE\M_FLIPPER.OBJ
C:\USERS\ALEX\DESKTOP\QUAKE2REFRESH\QUAKE2-3.21\GAME\RELEASE\M_FLOAT.OBJ
C:\USERS\ALEX\DESKTOP\QUAKE2REFRESH\QUAKE2-3.21\GAME\RELEASE\M_FLYER.OBJ
C:\USERS\ALEX\DESKTOP\QUAKE2REFRESH\QUAKE2-3.21\GAME\RELEASE\M_GLADIATOR.OBJ
C:\USERS\ALEX\DESKTOP\QUAKE2REFRESH\QUAKE2-3.21\GAME\RELEASE\M_GUNNER.OBJ
C:\USERS\ALEX\DESKTOP\QUAKE2REFRESH\QUAKE2-3.21\GAME\RELEASE\M_HOVER.OBJ
C:\USERS\ALEX\DESKTOP\QUAKE2REFRESH\QUAKE2-3.21\GAME\RELEASE\M_INFANTRY.OBJ
C:\USERS\ALEX\DESKTOP\QUAKE2REFRESH\QUAKE2-3.21\GAME\RELEASE\M_INSANE.OBJ
C:\USERS\ALEX\DESKTOP\QUAKE2REFRESH\QUAKE2-3.21\GAME\RELEASE\M_MEDIC.OBJ
C:\USERS\ALEX\DESKTOP\QUAKE2REFRESH\QUAKE2-3.21\GAME\RELEASE\M_MOVE.OBJ
C:\USERS\ALEX\DESKTOP\QUAKE2REFRESH\QUAKE2-3.21\GAME\RELEASE\M_MUTANT.OBJ
C:\USERS\ALEX\DESKTOP\QUAKE2REFRESH\QUAKE2-3.21\GAME\RELEASE\M_PARASITE.OBJ
C:\USERS\ALEX\DESKTOP\QUAKE2REFRESH\QUAKE2-3.21\GAME\RELEASE\M_SOLDIER.OBJ
C:\USERS\ALEX\DESKTOP\QUAKE2REFRESH\QUAKE2-3.21\GAME\RELEASE\M_SUPERTANK.OBJ
C:\USERS\ALEX\DESKTOP\QUAKE2REFRESH\QUAKE2-3.21\GAME\RELEASE\M_TANK.OBJ
C:\Users\Alex\Desktop\quake2Refresh\quake2-3.21\game\release\mt.command.1.tlog
C:\Users\Alex\Desktop\quake2Refresh\quake2-3.21\game\release\mt.read.1.tlog
C:\Users\Alex\Desktop\quake2Refresh\quake2-3.21\game\release\mt.write.1.tlog
C:\USERS\ALEX\DESKTOP\QUAKE2REFRESH\QUAKE2-3.21\GAME\RELEASE\P_CLIENT.OBJ
C:\USERS\ALEX\DESKTOP\QUAKE2REFRESH\QUAKE2-3.21\GAME\RELEASE\P_HUD.OBJ
C:\USERS\ALEX\DESKTOP\QUAKE2REFRESH\QUAKE2-3.21\GAME\RELEASE\P_TRAIL.OBJ
C:\USERS\ALEX\DESKTOP\QUAKE2REFRESH\QUAKE2-3.21\GAME\RELEASE\P_VIEW.OBJ
C:\USERS\ALEX\DESKTOP\QUAKE2REFRESH\QUAKE2-3.21\GAME\RELEASE\P_WEAPON.OBJ
C:\USERS\ALEX\DESKTOP\QUAKE2REFRESH\QUAKE2-3.21\GAME\RELEASE\Q_SHARED.OBJ
C:\USERS\ALEX\DESKTOP\QUAKE2REFRESH\QUAKE2-3.21\RELEASE\GAMEX86.DLL
C:\Users\Alex\Desktop\quake2Refresh\quake2-3.21\release\gamex86.exp
C:\Users\Alex\Desktop\quake2Refresh\quake2-3.21\release\gamex86.lib
