C:\USERS\ALEX\DESKTOP\QUAKE2MOD\QUAKE2-3.21\RELEASE\CD_WIN.OBJ
C:\USERS\ALEX\DESKTOP\QUAKE2MOD\QUAKE2-3.21\RELEASE\CL_CIN.OBJ
C:\USERS\ALEX\DESKTOP\QUAKE2MOD\QUAKE2-3.21\RELEASE\CL_ENTS.OBJ
C:\USERS\ALEX\DESKTOP\QUAKE2MOD\QUAKE2-3.21\RELEASE\CL_FX.OBJ
C:\USERS\ALEX\DESKTOP\QUAKE2MOD\QUAKE2-3.21\RELEASE\CL_INPUT.OBJ
C:\USERS\ALEX\DESKTOP\QUAKE2MOD\QUAKE2-3.21\RELEASE\CL_INV.OBJ
C:\USERS\ALEX\DESKTOP\QUAKE2MOD\QUAKE2-3.21\RELEASE\CL_MAIN.OBJ
C:\USERS\ALEX\DESKTOP\QUAKE2MOD\QUAKE2-3.21\RELEASE\CL_NEWFX.OBJ
C:\USERS\ALEX\DESKTOP\QUAKE2MOD\QUAKE2-3.21\RELEASE\CL_PARSE.OBJ
C:\USERS\ALEX\DESKTOP\QUAKE2MOD\QUAKE2-3.21\RELEASE\CL_PRED.OBJ
C:\USERS\ALEX\DESKTOP\QUAKE2MOD\QUAKE2-3.21\RELEASE\CL_SCRN.OBJ
C:\USERS\ALEX\DESKTOP\QUAKE2MOD\QUAKE2-3.21\RELEASE\CL_TENT.OBJ
C:\USERS\ALEX\DESKTOP\QUAKE2MOD\QUAKE2-3.21\RELEASE\CL_VIEW.OBJ
C:\USERS\ALEX\DESKTOP\QUAKE2MOD\QUAKE2-3.21\RELEASE\CMD.OBJ
C:\USERS\ALEX\DESKTOP\QUAKE2MOD\QUAKE2-3.21\RELEASE\CMODEL.OBJ
C:\USERS\ALEX\DESKTOP\QUAKE2MOD\QUAKE2-3.21\RELEASE\COMMON.OBJ
C:\USERS\ALEX\DESKTOP\QUAKE2MOD\QUAKE2-3.21\RELEASE\CONPROC.OBJ
C:\USERS\ALEX\DESKTOP\QUAKE2MOD\QUAKE2-3.21\RELEASE\CONSOLE.OBJ
C:\USERS\ALEX\DESKTOP\QUAKE2MOD\QUAKE2-3.21\RELEASE\CRC.OBJ
C:\USERS\ALEX\DESKTOP\QUAKE2MOD\QUAKE2-3.21\RELEASE\CVAR.OBJ
C:\USERS\ALEX\DESKTOP\QUAKE2MOD\QUAKE2-3.21\RELEASE\FILES.OBJ
C:\USERS\ALEX\DESKTOP\QUAKE2MOD\QUAKE2-3.21\RELEASE\IN_WIN.OBJ
C:\USERS\ALEX\DESKTOP\QUAKE2MOD\QUAKE2-3.21\RELEASE\KEYS.OBJ
C:\USERS\ALEX\DESKTOP\QUAKE2MOD\QUAKE2-3.21\RELEASE\M_FLASH.OBJ
C:\USERS\ALEX\DESKTOP\QUAKE2MOD\QUAKE2-3.21\RELEASE\MD4.OBJ
C:\USERS\ALEX\DESKTOP\QUAKE2MOD\QUAKE2-3.21\RELEASE\MENU.OBJ
C:\USERS\ALEX\DESKTOP\QUAKE2MOD\QUAKE2-3.21\RELEASE\NET_CHAN.OBJ
C:\USERS\ALEX\DESKTOP\QUAKE2MOD\QUAKE2-3.21\RELEASE\NET_WINS.OBJ
C:\USERS\ALEX\DESKTOP\QUAKE2MOD\QUAKE2-3.21\RELEASE\PMOVE.OBJ
C:\USERS\ALEX\DESKTOP\QUAKE2MOD\QUAKE2-3.21\RELEASE\Q_SHARED.OBJ
C:\USERS\ALEX\DESKTOP\QUAKE2MOD\QUAKE2-3.21\RELEASE\Q_SHWIN.OBJ
C:\USERS\ALEX\DESKTOP\QUAKE2MOD\QUAKE2-3.21\RELEASE\Q2.RES
C:\USERS\ALEX\DESKTOP\QUAKE2MOD\QUAKE2-3.21\RELEASE\QMENU.OBJ
C:\USERS\ALEX\DESKTOP\QUAKE2MOD\QUAKE2-3.21\RELEASE\QUAKE2.EXE
C:\USERS\ALEX\DESKTOP\QUAKE2MOD\QUAKE2-3.21\RELEASE\QUAKE2.EXE.INTERMEDIATE.MANIFEST
C:\USERS\ALEX\DESKTOP\QUAKE2MOD\QUAKE2-3.21\RELEASE\SND_DMA.OBJ
C:\USERS\ALEX\DESKTOP\QUAKE2MOD\QUAKE2-3.21\RELEASE\SND_MEM.OBJ
C:\USERS\ALEX\DESKTOP\QUAKE2MOD\QUAKE2-3.21\RELEASE\SND_MIX.OBJ
C:\USERS\ALEX\DESKTOP\QUAKE2MOD\QUAKE2-3.21\RELEASE\SND_WIN.OBJ
C:\USERS\ALEX\DESKTOP\QUAKE2MOD\QUAKE2-3.21\RELEASE\SV_CCMDS.OBJ
C:\USERS\ALEX\DESKTOP\QUAKE2MOD\QUAKE2-3.21\RELEASE\SV_ENTS.OBJ
C:\USERS\ALEX\DESKTOP\QUAKE2MOD\QUAKE2-3.21\RELEASE\SV_GAME.OBJ
C:\USERS\ALEX\DESKTOP\QUAKE2MOD\QUAKE2-3.21\RELEASE\SV_INIT.OBJ
C:\USERS\ALEX\DESKTOP\QUAKE2MOD\QUAKE2-3.21\RELEASE\SV_MAIN.OBJ
C:\USERS\ALEX\DESKTOP\QUAKE2MOD\QUAKE2-3.21\RELEASE\SV_SEND.OBJ
C:\USERS\ALEX\DESKTOP\QUAKE2MOD\QUAKE2-3.21\RELEASE\SV_USER.OBJ
C:\USERS\ALEX\DESKTOP\QUAKE2MOD\QUAKE2-3.21\RELEASE\SV_WORLD.OBJ
C:\USERS\ALEX\DESKTOP\QUAKE2MOD\QUAKE2-3.21\RELEASE\SYS_WIN.OBJ
C:\USERS\ALEX\DESKTOP\QUAKE2MOD\QUAKE2-3.21\RELEASE\VID_DLL.OBJ
C:\USERS\ALEX\DESKTOP\QUAKE2MOD\QUAKE2-3.21\RELEASE\VID_MENU.OBJ
C:\USERS\ALEX\DESKTOP\QUAKE2MOD\QUAKE2-3.21\RELEASE\X86.OBJ
C:\Users\Alex\Desktop\quake2Refresh\quake2-3.21\.\release\quake2.exe
C:\Users\Alex\Desktop\quake2Refresh\quake2-3.21\.\release\quake2.exe.intermediate.manifest
C:\USERS\ALEX\DESKTOP\QUAKE2REFRESH\QUAKE2-3.21\RELEASE\CD_WIN.OBJ
C:\Users\Alex\Desktop\quake2Refresh\quake2-3.21\release\cl.command.1.tlog
C:\Users\Alex\Desktop\quake2Refresh\quake2-3.21\release\CL.read.1.tlog
C:\Users\Alex\Desktop\quake2Refresh\quake2-3.21\release\CL.write.1.tlog
C:\USERS\ALEX\DESKTOP\QUAKE2REFRESH\QUAKE2-3.21\RELEASE\CL_CIN.OBJ
C:\USERS\ALEX\DESKTOP\QUAKE2REFRESH\QUAKE2-3.21\RELEASE\CL_ENTS.OBJ
C:\USERS\ALEX\DESKTOP\QUAKE2REFRESH\QUAKE2-3.21\RELEASE\CL_FX.OBJ
C:\USERS\ALEX\DESKTOP\QUAKE2REFRESH\QUAKE2-3.21\RELEASE\CL_INPUT.OBJ
C:\USERS\ALEX\DESKTOP\QUAKE2REFRESH\QUAKE2-3.21\RELEASE\CL_INV.OBJ
C:\USERS\ALEX\DESKTOP\QUAKE2REFRESH\QUAKE2-3.21\RELEASE\CL_MAIN.OBJ
C:\USERS\ALEX\DESKTOP\QUAKE2REFRESH\QUAKE2-3.21\RELEASE\CL_NEWFX.OBJ
C:\USERS\ALEX\DESKTOP\QUAKE2REFRESH\QUAKE2-3.21\RELEASE\CL_PARSE.OBJ
C:\USERS\ALEX\DESKTOP\QUAKE2REFRESH\QUAKE2-3.21\RELEASE\CL_PRED.OBJ
C:\USERS\ALEX\DESKTOP\QUAKE2REFRESH\QUAKE2-3.21\RELEASE\CL_SCRN.OBJ
C:\USERS\ALEX\DESKTOP\QUAKE2REFRESH\QUAKE2-3.21\RELEASE\CL_TENT.OBJ
C:\USERS\ALEX\DESKTOP\QUAKE2REFRESH\QUAKE2-3.21\RELEASE\CL_VIEW.OBJ
C:\USERS\ALEX\DESKTOP\QUAKE2REFRESH\QUAKE2-3.21\RELEASE\CMD.OBJ
C:\USERS\ALEX\DESKTOP\QUAKE2REFRESH\QUAKE2-3.21\RELEASE\CMODEL.OBJ
C:\USERS\ALEX\DESKTOP\QUAKE2REFRESH\QUAKE2-3.21\RELEASE\COMMON.OBJ
C:\USERS\ALEX\DESKTOP\QUAKE2REFRESH\QUAKE2-3.21\RELEASE\CONPROC.OBJ
C:\USERS\ALEX\DESKTOP\QUAKE2REFRESH\QUAKE2-3.21\RELEASE\CONSOLE.OBJ
C:\USERS\ALEX\DESKTOP\QUAKE2REFRESH\QUAKE2-3.21\RELEASE\CRC.OBJ
C:\USERS\ALEX\DESKTOP\QUAKE2REFRESH\QUAKE2-3.21\RELEASE\CVAR.OBJ
C:\USERS\ALEX\DESKTOP\QUAKE2REFRESH\QUAKE2-3.21\RELEASE\FILES.OBJ
C:\Users\Alex\Desktop\quake2Refresh\quake2-3.21\release\gamex86.exp
C:\USERS\ALEX\DESKTOP\QUAKE2REFRESH\QUAKE2-3.21\RELEASE\IN_WIN.OBJ
C:\USERS\ALEX\DESKTOP\QUAKE2REFRESH\QUAKE2-3.21\RELEASE\KEYS.OBJ
C:\Users\Alex\Desktop\quake2Refresh\quake2-3.21\release\link.command.1.tlog
C:\Users\Alex\Desktop\quake2Refresh\quake2-3.21\release\link.read.1.tlog
C:\Users\Alex\Desktop\quake2Refresh\quake2-3.21\release\link.write.1.tlog
C:\Users\Alex\Desktop\quake2Refresh\quake2-3.21\release\link-cvtres.read.1.tlog
C:\Users\Alex\Desktop\quake2Refresh\quake2-3.21\release\link-cvtres.write.1.tlog
C:\USERS\ALEX\DESKTOP\QUAKE2REFRESH\QUAKE2-3.21\RELEASE\M_FLASH.OBJ
C:\USERS\ALEX\DESKTOP\QUAKE2REFRESH\QUAKE2-3.21\RELEASE\MD4.OBJ
C:\USERS\ALEX\DESKTOP\QUAKE2REFRESH\QUAKE2-3.21\RELEASE\MENU.OBJ
C:\Users\Alex\Desktop\quake2Refresh\quake2-3.21\release\mt.command.1.tlog
C:\Users\Alex\Desktop\quake2Refresh\quake2-3.21\release\mt.read.1.tlog
C:\Users\Alex\Desktop\quake2Refresh\quake2-3.21\release\mt.write.1.tlog
C:\USERS\ALEX\DESKTOP\QUAKE2REFRESH\QUAKE2-3.21\RELEASE\NET_CHAN.OBJ
C:\USERS\ALEX\DESKTOP\QUAKE2REFRESH\QUAKE2-3.21\RELEASE\NET_WINS.OBJ
C:\USERS\ALEX\DESKTOP\QUAKE2REFRESH\QUAKE2-3.21\RELEASE\PMOVE.OBJ
C:\USERS\ALEX\DESKTOP\QUAKE2REFRESH\QUAKE2-3.21\RELEASE\Q_SHARED.OBJ
C:\USERS\ALEX\DESKTOP\QUAKE2REFRESH\QUAKE2-3.21\RELEASE\Q_SHWIN.OBJ
C:\USERS\ALEX\DESKTOP\QUAKE2REFRESH\QUAKE2-3.21\RELEASE\Q2.RES
C:\USERS\ALEX\DESKTOP\QUAKE2REFRESH\QUAKE2-3.21\RELEASE\QMENU.OBJ
C:\USERS\ALEX\DESKTOP\QUAKE2REFRESH\QUAKE2-3.21\RELEASE\QUAKE2.EXE
C:\USERS\ALEX\DESKTOP\QUAKE2REFRESH\QUAKE2-3.21\RELEASE\QUAKE2.EXE.INTERMEDIATE.MANIFEST
C:\Users\Alex\Desktop\quake2Refresh\quake2-3.21\release\quake2.write.1.tlog
C:\Users\Alex\Desktop\quake2Refresh\quake2-3.21\release\rc.command.1.tlog
C:\Users\Alex\Desktop\quake2Refresh\quake2-3.21\release\rc.read.1.tlog
C:\Users\Alex\Desktop\quake2Refresh\quake2-3.21\release\rc.write.1.tlog
C:\USERS\ALEX\DESKTOP\QUAKE2REFRESH\QUAKE2-3.21\RELEASE\SND_DMA.OBJ
C:\USERS\ALEX\DESKTOP\QUAKE2REFRESH\QUAKE2-3.21\RELEASE\SND_MEM.OBJ
C:\USERS\ALEX\DESKTOP\QUAKE2REFRESH\QUAKE2-3.21\RELEASE\SND_MIX.OBJ
C:\USERS\ALEX\DESKTOP\QUAKE2REFRESH\QUAKE2-3.21\RELEASE\SND_WIN.OBJ
C:\USERS\ALEX\DESKTOP\QUAKE2REFRESH\QUAKE2-3.21\RELEASE\SV_CCMDS.OBJ
C:\USERS\ALEX\DESKTOP\QUAKE2REFRESH\QUAKE2-3.21\RELEASE\SV_ENTS.OBJ
C:\USERS\ALEX\DESKTOP\QUAKE2REFRESH\QUAKE2-3.21\RELEASE\SV_GAME.OBJ
C:\USERS\ALEX\DESKTOP\QUAKE2REFRESH\QUAKE2-3.21\RELEASE\SV_INIT.OBJ
C:\USERS\ALEX\DESKTOP\QUAKE2REFRESH\QUAKE2-3.21\RELEASE\SV_MAIN.OBJ
C:\USERS\ALEX\DESKTOP\QUAKE2REFRESH\QUAKE2-3.21\RELEASE\SV_SEND.OBJ
C:\USERS\ALEX\DESKTOP\QUAKE2REFRESH\QUAKE2-3.21\RELEASE\SV_USER.OBJ
C:\USERS\ALEX\DESKTOP\QUAKE2REFRESH\QUAKE2-3.21\RELEASE\SV_WORLD.OBJ
C:\USERS\ALEX\DESKTOP\QUAKE2REFRESH\QUAKE2-3.21\RELEASE\SYS_WIN.OBJ
C:\USERS\ALEX\DESKTOP\QUAKE2REFRESH\QUAKE2-3.21\RELEASE\VID_DLL.OBJ
C:\USERS\ALEX\DESKTOP\QUAKE2REFRESH\QUAKE2-3.21\RELEASE\VID_MENU.OBJ
C:\USERS\ALEX\DESKTOP\QUAKE2REFRESH\QUAKE2-3.21\RELEASE\X86.OBJ
